Arguments: 
  C:\Program Files\nodejs\node.exe C:\Users\omar sakka amini\AppData\Roaming\npm\node_modules\yarn\bin\yarn.js add cookie-parser cors dotenv express express-async-handler express-oauth2-jwt-bearer nodemon prisma @prisma/client

PATH: 
  C:\Program Files (x86)\VMware\VMware Workstation\bin\;C:\Program Files\Microsoft MPI\Bin\;C:\Program Files\Amazon Corretto\jdk11.0.12_7\bin;C:\Windows\system32;C:\Windows;C:\Windows\System32\Wbem;C:\Windows\System32\WindowsPowerShell\v1.0\;C:\Windows\System32\OpenSSH\;C:\Program Files (x86)\NVIDIA Corporation\PhysX\Common;C:\Program Files\Microsoft SQL Server\Client SDK\ODBC\170\Tools\Binn\;C:\Program Files (x86)\Microsoft SQL Server\150\Tools\Binn\;C:\Program Files\Microsoft SQL Server\150\Tools\Binn\;C:\Program Files\Microsoft SQL Server\150\DTS\Binn\;C:\Program Files (x86)\Microsoft SQL Server\150\DTS\Binn\;C:\Program Files\Azure Data Studio\bin;C:\Program Files\NVIDIA Corporation\NVIDIA NvDLISR;C:\Program Files\nodejs\;C:\Program Files\Git\cmd;C:\Users\omar sakka amini\AppData\Local\Microsoft\WindowsApps;;C:\Users\omar sakka amini\AppData\Local\Programs\Microsoft VS Code\bin;C:\Program Files\Azure Data Studio\bin;C:\Users\omar sakka amini\AppData\Roaming\npm

Yarn version: 
  1.22.19

Node version: 
  19.8.1

Platform: 
  win32 x64

Trace: 
  SyntaxError: C:\Users\omar sakka amini\OneDrive\Desktop\React Projects\fullstack-real-state\server\package.json: Expected ',' or '}' after property value in JSON at position 87
      at JSON.parse (<anonymous>)
      at C:\Users\omar sakka amini\AppData\Roaming\npm\node_modules\yarn\lib\cli.js:1629:59
      at Generator.next (<anonymous>)
      at step (C:\Users\omar sakka amini\AppData\Roaming\npm\node_modules\yarn\lib\cli.js:310:30)
      at C:\Users\omar sakka amini\AppData\Roaming\npm\node_modules\yarn\lib\cli.js:321:13

npm manifest: 
  {
    "name": "server",
    "version": "1.0.0",
    "main": "index.js",
    "license": "MIT"
    "type": "module"
  }

yarn manifest: 
  No manifest

Lockfile: 
  No lockfile
